\BOOKMARK [1][-]{section.1}{DHS}{}% 1
\BOOKMARK [2][-]{subsection.1.1}{Finding Variable Name}{section.1}% 2
\BOOKMARK [2][-]{subsection.1.2}{Define what is 1, what is 0, and the reference population}{section.1}% 3
\BOOKMARK [2][-]{subsection.1.3}{Set up in DHSStandard.csv file}{section.1}% 4
\BOOKMARK [2][-]{subsection.1.4}{Modifying R-program}{section.1}% 5
\BOOKMARK [2][-]{subsection.1.5}{Running examples}{section.1}% 6
\BOOKMARK [2][-]{subsection.1.6}{Checking results in Final Report}{section.1}% 7
\BOOKMARK [1][-]{section.2}{MICS}{}% 8
\BOOKMARK [2][-]{subsection.2.1}{Finding Variable Names for surveys}{section.2}% 9
\BOOKMARK [2][-]{subsection.2.2}{Adding a new variable}{section.2}% 10
\BOOKMARK [2][-]{subsection.2.3}{Education levels}{section.2}% 11
\BOOKMARK [2][-]{subsection.2.4}{Preparing religion, ethnicity and language information}{section.2}% 12
\BOOKMARK [1][-]{section.3}{Example: Adding a more complex variable \205 DHS data}{}% 13
\BOOKMARK [1][-]{section.4}{Example: adding a new MICS survey}{}% 14
\BOOKMARK [2][-]{subsection.4.1}{Search variable names and creating header files for manual check}{section.4}% 15
\BOOKMARK [2][-]{subsection.4.2}{Checking variable names and make sure they are correct}{section.4}% 16
\BOOKMARK [2][-]{subsection.4.3}{Creating Education levels and grades}{section.4}% 17
\BOOKMARK [2][-]{subsection.4.4}{Creating Language levels}{section.4}% 18
\BOOKMARK [1][-]{section.5}{Example: Adding new MICS variables - domestic violence}{}% 19
\BOOKMARK [2][-]{subsection.5.1}{First, we read the Survey Finding Report}{section.5}% 20
\BOOKMARK [2][-]{subsection.5.2}{Second, we go to the questionnaire section to understand the questions}{section.5}% 21
\BOOKMARK [2][-]{subsection.5.3}{Statistics to check in the report:}{section.5}% 22
\BOOKMARK [2][-]{subsection.5.4}{Setting up in the Tonga2019MICS.csv file}{section.5}% 23
\BOOKMARK [2][-]{subsection.5.5}{Setting up the R-program in MICS\137get\137data.R}{section.5}% 24
\BOOKMARK [1][-]{section.6}{Special cases}{}% 25
\BOOKMARK [2][-]{subsection.6.1}{Mics - clean fuel}{section.6}% 26
\BOOKMARK [2][-]{subsection.6.2}{MICS - new standard for clean drinking water}{section.6}% 27
\BOOKMARK [2][-]{subsection.6.3}{Education for Tonga 2019}{section.6}% 28
